<?xml version="1.0" encoding="UTF-8"?>
<!-- Generated by org.testng.reporters.JUnitReportReporter -->
<testsuite hostname="lionliliya-SATELLITE-C55-A-19K" name="com.kiev.java.ExecutorImplTest" tests="3" failures="0" timestamp="7 Apr 2016 19:56:07 GMT" time="0.074" errors="0">
  <testcase name="testExecutor" time="0.002" classname="com.kiev.java.ExecutorImplTest"/>
  <testcase name="executeWithValidator" time="0.002" classname="com.kiev.java.ExecutorImplTest"/>
  <testcase name="executeWithoutValidator" time="0.070" classname="com.kiev.java.ExecutorImplTest"/>
</testsuite> <!-- com.kiev.java.ExecutorImplTest -->
