<?xml version="1.0" encoding="UTF-8"?>
<!-- Generated by org.testng.reporters.JUnitXMLReporter -->
<testsuite hostname="lionliliya-SATELLITE-C55-A-19K" name="JUnit tests with TestNG suite" tests="3" failures="0" timestamp="7 Apr 2016 19:56:07 GMT" time="0.172" errors="0">
  <testcase name="executeWithoutValidator on executeWithoutValidator(com.kiev.java.ExecutorImplTest)" time="0.07" classname="com.kiev.java.ExecutorImplTest"/>
  <testcase name="executeWithValidator on executeWithValidator(com.kiev.java.ExecutorImplTest)" time="0.002" classname="com.kiev.java.ExecutorImplTest"/>
  <testcase name="testExecutor on testExecutor(com.kiev.java.ExecutorImplTest)" time="0.002" classname="com.kiev.java.ExecutorImplTest"/>
</testsuite> <!-- JUnit tests with TestNG suite -->
